[debug] [2019-05-30T18:22:23.880Z] ----------------------------------------------------------------------
[debug] [2019-05-30T18:22:23.887Z] Command:       /usr/local/bin/node /usr/local/bin/firebase serve
[debug] [2019-05-30T18:22:23.887Z] CLI Version:   6.10.0
[debug] [2019-05-30T18:22:23.887Z] Platform:      darwin
[debug] [2019-05-30T18:22:23.888Z] Node Version:  v10.15.3
[debug] [2019-05-30T18:22:23.892Z] Time:          Thu May 30 2019 13:22:23 GMT-0500 (Central Daylight Time)
[debug] [2019-05-30T18:22:23.892Z] ----------------------------------------------------------------------
[debug] 
[debug] [2019-05-30T18:22:23.929Z] > command requires scopes: ["email","openid","https://www.googleapis.com/auth/cloudplatformprojects.readonly","https://www.googleapis.com/auth/firebase","https://www.googleapis.com/auth/cloud-platform"]
[debug] [2019-05-30T18:22:23.930Z] > authorizing via signed-in user
[debug] [2019-05-30T18:22:23.931Z] [iam] checking project firstfb-b68fa for permissions ["firebase.projects.get"]
[debug] [2019-05-30T18:22:23.936Z] >>> HTTP REQUEST POST https://cloudresourcemanager.googleapis.com/v1/projects/firstfb-b68fa:testIamPermissions  

[debug] [2019-05-30T18:22:24.229Z] <<< HTTP RESPONSE 200
[debug] [2019-05-30T18:22:24.232Z] >>> HTTP REQUEST GET https://cloudresourcemanager.googleapis.com/v1/projects/firstfb-b68fa  
 
[debug] [2019-05-30T18:22:24.414Z] <<< HTTP RESPONSE 200
[info] 
[info] === Serving from '/Users/ankitaparulekar/Desktop/AnkitaFirstFB'...
[info] 
[debug] [2019-05-30T18:22:24.419Z] >>> HTTP REQUEST GET https://mobilesdk-pa.googleapis.com/v1/projects/1038876635785/clients/_:getWebAppConfig  
 
[debug] [2019-05-30T18:22:24.756Z] <<< HTTP RESPONSE 200
[info] i  hosting: Serving hosting files from: Y
[info] ✔  hosting: Local server: http://localhost:5000
